0000 E5 ORG $4000
4000 E1 EQU $3FF0
4000 {86 ii} *LDAA ~#20
4002 {96 dd} *LDAA ~%101
4004 {A6 xb} *LDAA ~7,SP
4006 {A6 xb} *LDAA ~-16,SP
4008 {A6 xb ff} *LDAA ~34,PC
400B {A6 xb ff} *LDAA ~16,SP
400E {A6 xb ee ff} *LDAA ~256,SP
4012 {A6 xb ee ff} *LDAA ~[16,SP]
4016 {A6 xb ee ff} *LDAA ~[256,SP]
401A {A6 xb ee ff} *LDAA ~[-256,SP]
401E {04 lb rr} *IBNE ~A,E4
4021 {06 hh ll} *JMP ~E4
4024 {06 hh ll} *JMP ~E5
4027 {26 rr} *BNE ~E4
4029 {26 rr} *BNE ~E5
402B 00 00 00 00 00 BSZ 5
4030 04 04 04 04 04 04 FILL 4,6
4036 E4 START
0000 00 00 00 00 00 00 BSZ 6
0006 END
